CRITICAL - 2024-05-20 07:49:47 --> ParseError: syntax error, unexpected token "}"
[Method: GET, Route: /]
in APPPATH\Controllers\Home.php on line 10.
 1 SYSTEMPATH\Autoloader\Autoloader.php(296): CodeIgniter\Autoloader\Autoloader->includeFile('D:\\laragon\\www\\ci4-app\\app\\Controllers\\Home.php')
 2 SYSTEMPATH\Autoloader\Autoloader.php(272): CodeIgniter\Autoloader\Autoloader->loadInNamespace('App\\Controllers\\Home')
 3 [internal function]: CodeIgniter\Autoloader\Autoloader->loadClass('App\\Controllers\\Home')
 4 SYSTEMPATH\CodeIgniter.php(887): class_exists('\\App\\Controllers\\Home', true)
 5 SYSTEMPATH\CodeIgniter.php(496): CodeIgniter\CodeIgniter->startController()
 6 SYSTEMPATH\CodeIgniter.php(355): CodeIgniter\CodeIgniter->handleRequest(null, Object(Config\Cache), false)
 7 SYSTEMPATH\Boot.php(312): CodeIgniter\CodeIgniter->run()
 8 SYSTEMPATH\Boot.php(67): CodeIgniter\Boot::runCodeIgniter(Object(CodeIgniter\CodeIgniter))
 9 FCPATH\index.php(56): CodeIgniter\Boot::bootWeb(Object(Config\Paths))
CRITICAL - 2024-05-20 08:08:39 --> TypeError: App\Controllers\Recette::detail(): Return value must be of type string, none returned
[Method: GET, Route: recettes/detail/15]
in APPPATH\Controllers\Recette.php on line 15.
 1 SYSTEMPATH\CodeIgniter.php(933): App\Controllers\Recette->detail('15')
 2 SYSTEMPATH\CodeIgniter.php(509): CodeIgniter\CodeIgniter->runController(Object(App\Controllers\Recette))
 3 SYSTEMPATH\CodeIgniter.php(355): CodeIgniter\CodeIgniter->handleRequest(null, Object(Config\Cache), false)
 4 SYSTEMPATH\Boot.php(312): CodeIgniter\CodeIgniter->run()
 5 SYSTEMPATH\Boot.php(67): CodeIgniter\Boot::runCodeIgniter(Object(CodeIgniter\CodeIgniter))
 6 FCPATH\index.php(56): CodeIgniter\Boot::bootWeb(Object(Config\Paths))
CRITICAL - 2024-05-20 08:25:29 --> Error: Call to undefined method App\Controllers\Recette::findAll()
[Method: GET, Route: recettes/detail/15]
in APPPATH\Controllers\Recette.php on line 15.
 1 SYSTEMPATH\CodeIgniter.php(933): App\Controllers\Recette->detail('15')
 2 SYSTEMPATH\CodeIgniter.php(509): CodeIgniter\CodeIgniter->runController(Object(App\Controllers\Recette))
 3 SYSTEMPATH\CodeIgniter.php(355): CodeIgniter\CodeIgniter->handleRequest(null, Object(Config\Cache), false)
 4 SYSTEMPATH\Boot.php(312): CodeIgniter\CodeIgniter->run()
 5 SYSTEMPATH\Boot.php(67): CodeIgniter\Boot::runCodeIgniter(Object(CodeIgniter\CodeIgniter))
 6 FCPATH\index.php(56): CodeIgniter\Boot::bootWeb(Object(Config\Paths))
CRITICAL - 2024-05-20 08:26:00 --> Error: Call to undefined method App\Controllers\Recette::findAll()
[Method: GET, Route: recettes/detail/15]
in APPPATH\Controllers\Recette.php on line 15.
 1 SYSTEMPATH\CodeIgniter.php(933): App\Controllers\Recette->detail('15')
 2 SYSTEMPATH\CodeIgniter.php(509): CodeIgniter\CodeIgniter->runController(Object(App\Controllers\Recette))
 3 SYSTEMPATH\CodeIgniter.php(355): CodeIgniter\CodeIgniter->handleRequest(null, Object(Config\Cache), false)
 4 SYSTEMPATH\Boot.php(312): CodeIgniter\CodeIgniter->run()
 5 SYSTEMPATH\Boot.php(67): CodeIgniter\Boot::runCodeIgniter(Object(CodeIgniter\CodeIgniter))
 6 FCPATH\index.php(56): CodeIgniter\Boot::bootWeb(Object(Config\Paths))
CRITICAL - 2024-05-20 08:26:00 --> Error: Call to undefined method App\Controllers\Recette::findAll()
[Method: GET, Route: recettes/detail/15]
in APPPATH\Controllers\Recette.php on line 15.
 1 SYSTEMPATH\CodeIgniter.php(933): App\Controllers\Recette->detail('15')
 2 SYSTEMPATH\CodeIgniter.php(509): CodeIgniter\CodeIgniter->runController(Object(App\Controllers\Recette))
 3 SYSTEMPATH\CodeIgniter.php(355): CodeIgniter\CodeIgniter->handleRequest(null, Object(Config\Cache), false)
 4 SYSTEMPATH\Boot.php(312): CodeIgniter\CodeIgniter->run()
 5 SYSTEMPATH\Boot.php(67): CodeIgniter\Boot::runCodeIgniter(Object(CodeIgniter\CodeIgniter))
 6 FCPATH\index.php(56): CodeIgniter\Boot::bootWeb(Object(Config\Paths))
ERROR - 2024-05-20 08:27:12 --> Error connecting to the database: mysqli_sql_exception: Access denied for user ''@'localhost' (using password: NO) in D:\laragon\www\ci4-app\system\Database\MySQLi\Connection.php:187
Stack trace:
#0 D:\laragon\www\ci4-app\system\Database\MySQLi\Connection.php(187): mysqli->real_connect('localhost', '', '', '', 3306, '', 0)
#1 D:\laragon\www\ci4-app\system\Database\BaseConnection.php(421): CodeIgniter\Database\MySQLi\Connection->connect(false)
#2 D:\laragon\www\ci4-app\system\Database\BaseConnection.php(604): CodeIgniter\Database\BaseConnection->initialize()
#3 D:\laragon\www\ci4-app\system\Database\BaseBuilder.php(1629): CodeIgniter\Database\BaseConnection->query('SELECT *\nFROM `...', Array, false)
#4 D:\laragon\www\ci4-app\system\Model.php(275): CodeIgniter\Database\BaseBuilder->get()
#5 D:\laragon\www\ci4-app\system\BaseModel.php(676): CodeIgniter\Model->doFindAll(0, 0)
#6 D:\laragon\www\ci4-app\app\Models\RecetteModel.php(12): CodeIgniter\BaseModel->findAll(0, 0)
#7 D:\laragon\www\ci4-app\app\Controllers\RecetteController.php(17): App\Models\RecetteModel->findAll()
#8 D:\laragon\www\ci4-app\system\CodeIgniter.php(933): App\Controllers\RecetteController->detail('15')
#9 D:\laragon\www\ci4-app\system\CodeIgniter.php(509): CodeIgniter\CodeIgniter->runController(Object(App\Controllers\RecetteController))
#10 D:\laragon\www\ci4-app\system\CodeIgniter.php(355): CodeIgniter\CodeIgniter->handleRequest(NULL, Object(Config\Cache), false)
#11 D:\laragon\www\ci4-app\system\Boot.php(312): CodeIgniter\CodeIgniter->run()
#12 D:\laragon\www\ci4-app\system\Boot.php(67): CodeIgniter\Boot::runCodeIgniter(Object(CodeIgniter\CodeIgniter))
#13 D:\laragon\www\ci4-app\public\index.php(56): CodeIgniter\Boot::bootWeb(Object(Config\Paths))
#14 {main}

Next CodeIgniter\Database\Exceptions\DatabaseException: Access denied for user ''@'localhost' (using password: NO) in D:\laragon\www\ci4-app\system\Database\MySQLi\Connection.php:231
Stack trace:
#0 D:\laragon\www\ci4-app\system\Database\BaseConnection.php(421): CodeIgniter\Database\MySQLi\Connection->connect(false)
#1 D:\laragon\www\ci4-app\system\Database\BaseConnection.php(604): CodeIgniter\Database\BaseConnection->initialize()
#2 D:\laragon\www\ci4-app\system\Database\BaseBuilder.php(1629): CodeIgniter\Database\BaseConnection->query('SELECT *\nFROM `...', Array, false)
#3 D:\laragon\www\ci4-app\system\Model.php(275): CodeIgniter\Database\BaseBuilder->get()
#4 D:\laragon\www\ci4-app\system\BaseModel.php(676): CodeIgniter\Model->doFindAll(0, 0)
#5 D:\laragon\www\ci4-app\app\Models\RecetteModel.php(12): CodeIgniter\BaseModel->findAll(0, 0)
#6 D:\laragon\www\ci4-app\app\Controllers\RecetteController.php(17): App\Models\RecetteModel->findAll()
#7 D:\laragon\www\ci4-app\system\CodeIgniter.php(933): App\Controllers\RecetteController->detail('15')
#8 D:\laragon\www\ci4-app\system\CodeIgniter.php(509): CodeIgniter\CodeIgniter->runController(Object(App\Controllers\RecetteController))
#9 D:\laragon\www\ci4-app\system\CodeIgniter.php(355): CodeIgniter\CodeIgniter->handleRequest(NULL, Object(Config\Cache), false)
#10 D:\laragon\www\ci4-app\system\Boot.php(312): CodeIgniter\CodeIgniter->run()
#11 D:\laragon\www\ci4-app\system\Boot.php(67): CodeIgniter\Boot::runCodeIgniter(Object(CodeIgniter\CodeIgniter))
#12 D:\laragon\www\ci4-app\public\index.php(56): CodeIgniter\Boot::bootWeb(Object(Config\Paths))
#13 {main}
CRITICAL - 2024-05-20 08:27:12 --> CodeIgniter\Database\Exceptions\DatabaseException: Unable to connect to the database.
Main connection [MySQLi]: Access denied for user ''@'localhost' (using password: NO)
[Method: GET, Route: recettes/detail/15]
in SYSTEMPATH\Database\BaseConnection.php on line 457.
 1 SYSTEMPATH\Database\BaseConnection.php(604): CodeIgniter\Database\BaseConnection->initialize()
 2 SYSTEMPATH\Database\BaseBuilder.php(1629): CodeIgniter\Database\BaseConnection->query('SELECT *
FROM `T_E_RECETTE_REC`', [], false)
 3 SYSTEMPATH\Model.php(275): CodeIgniter\Database\BaseBuilder->get()
 4 SYSTEMPATH\BaseModel.php(676): CodeIgniter\Model->doFindAll(0, 0)
 5 APPPATH\Models\RecetteModel.php(12): CodeIgniter\BaseModel->findAll(0, 0)
 6 APPPATH\Controllers\RecetteController.php(17): App\Models\RecetteModel->findAll()
 7 SYSTEMPATH\CodeIgniter.php(933): App\Controllers\RecetteController->detail('15')
 8 SYSTEMPATH\CodeIgniter.php(509): CodeIgniter\CodeIgniter->runController(Object(App\Controllers\RecetteController))
 9 SYSTEMPATH\CodeIgniter.php(355): CodeIgniter\CodeIgniter->handleRequest(null, Object(Config\Cache), false)
10 SYSTEMPATH\Boot.php(312): CodeIgniter\CodeIgniter->run()
11 SYSTEMPATH\Boot.php(67): CodeIgniter\Boot::runCodeIgniter(Object(CodeIgniter\CodeIgniter))
12 FCPATH\index.php(56): CodeIgniter\Boot::bootWeb(Object(Config\Paths))
CRITICAL - 2024-05-20 09:17:33 --> CodeIgniter\Database\Exceptions\DataException: Allowed fields must be specified for model: "App\Models\RecetteModel"
[Method: GET, Route: recettes]
in SYSTEMPATH\Model.php on line 813.
 1 SYSTEMPATH\Model.php(813): CodeIgniter\Database\Exceptions\DataException::forInvalidAllowedFields('App\\Models\\RecetteModel')
 2 SYSTEMPATH\BaseModel.php(821): CodeIgniter\Model->doProtectFieldsForInsert([...])
 3 SYSTEMPATH\Model.php(791): CodeIgniter\BaseModel->insert([...], true)
 4 APPPATH\Controllers\RecetteController.php(19): CodeIgniter\Model->insert([...])
 5 SYSTEMPATH\CodeIgniter.php(933): App\Controllers\RecetteController->index()
 6 SYSTEMPATH\CodeIgniter.php(509): CodeIgniter\CodeIgniter->runController(Object(App\Controllers\RecetteController))
 7 SYSTEMPATH\CodeIgniter.php(355): CodeIgniter\CodeIgniter->handleRequest(null, Object(Config\Cache), false)
 8 SYSTEMPATH\Boot.php(312): CodeIgniter\CodeIgniter->run()
 9 SYSTEMPATH\Boot.php(67): CodeIgniter\Boot::runCodeIgniter(Object(CodeIgniter\CodeIgniter))
10 FCPATH\index.php(56): CodeIgniter\Boot::bootWeb(Object(Config\Paths))
CRITICAL - 2024-05-20 09:18:30 --> CodeIgniter\Database\Exceptions\DataException: Allowed fields must be specified for model: "App\Models\RecetteModel"
[Method: GET, Route: recettes]
in SYSTEMPATH\Model.php on line 813.
 1 SYSTEMPATH\Model.php(813): CodeIgniter\Database\Exceptions\DataException::forInvalidAllowedFields('App\\Models\\RecetteModel')
 2 SYSTEMPATH\BaseModel.php(821): CodeIgniter\Model->doProtectFieldsForInsert([...])
 3 SYSTEMPATH\Model.php(791): CodeIgniter\BaseModel->insert([...], true)
 4 APPPATH\Controllers\RecetteController.php(17): CodeIgniter\Model->insert([...])
 5 SYSTEMPATH\CodeIgniter.php(933): App\Controllers\RecetteController->index()
 6 SYSTEMPATH\CodeIgniter.php(509): CodeIgniter\CodeIgniter->runController(Object(App\Controllers\RecetteController))
 7 SYSTEMPATH\CodeIgniter.php(355): CodeIgniter\CodeIgniter->handleRequest(null, Object(Config\Cache), false)
 8 SYSTEMPATH\Boot.php(312): CodeIgniter\CodeIgniter->run()
 9 SYSTEMPATH\Boot.php(67): CodeIgniter\Boot::runCodeIgniter(Object(CodeIgniter\CodeIgniter))
10 FCPATH\index.php(56): CodeIgniter\Boot::bootWeb(Object(Config\Paths))
CRITICAL - 2024-05-20 10:14:25 --> ErrorException: Undefined property: App\Controllers\RecetteController::$_allCssFiles
[Method: GET, Route: recettes]
in APPPATH\Controllers\BaseController.php on line 63.
 1 APPPATH\Controllers\BaseController.php(63): CodeIgniter\Debug\Exceptions->errorHandler(2, 'Undefined property: App\\Controllers\\RecetteController::$_allCssFiles', 'D:\\laragon\\www\\ci4-app\\app\\Controllers\\BaseController.php', 63)
 2 APPPATH\Controllers\RecetteController.php(22): App\Controllers\BaseController->showView('recette/index', [...])
 3 SYSTEMPATH\CodeIgniter.php(933): App\Controllers\RecetteController->index()
 4 SYSTEMPATH\CodeIgniter.php(509): CodeIgniter\CodeIgniter->runController(Object(App\Controllers\RecetteController))
 5 SYSTEMPATH\CodeIgniter.php(355): CodeIgniter\CodeIgniter->handleRequest(null, Object(Config\Cache), false)
 6 SYSTEMPATH\Boot.php(312): CodeIgniter\CodeIgniter->run()
 7 SYSTEMPATH\Boot.php(67): CodeIgniter\Boot::runCodeIgniter(Object(CodeIgniter\CodeIgniter))
 8 FCPATH\index.php(56): CodeIgniter\Boot::bootWeb(Object(Config\Paths))
