CRITICAL - 2024-07-12 09:28:32 --> TypeError: CodeIgniter\DataCaster\Cast\JsonCast::get(): Return value must be of type stdClass|array, string returned
[Method: GET, Route: ingredients/liste]
in SYSTEMPATH\DataCaster\Cast\JsonCast.php on line 47.
 1 SYSTEMPATH\DataCaster\DataCaster.php(186): CodeIgniter\DataCaster\Cast\JsonCast::get('"DEC"', [...], Object(CodeIgniter\Database\MySQLi\Connection))
 2 SYSTEMPATH\DataConverter\DataConverter.php(80): CodeIgniter\DataCaster\DataCaster->castAs('"DEC"', 'ING_LISTEMOISSAISON', 'get')
 3 SYSTEMPATH\BaseModel.php(1944): CodeIgniter\DataConverter\DataConverter->fromDataSource([...])
 4 SYSTEMPATH\Model.php(280): CodeIgniter\BaseModel->convertToReturnType([...], 'array')
 5 SYSTEMPATH\BaseModel.php(676): CodeIgniter\Model->doFindAll(0, 0)
 6 APPPATH\Models\IngredientModel.php(31): CodeIgniter\BaseModel->findAll()
 7 APPPATH\Controllers\IngredientController.php(15): App\Models\IngredientModel->findAllActive()
 8 SYSTEMPATH\CodeIgniter.php(933): App\Controllers\IngredientController->index()
 9 SYSTEMPATH\CodeIgniter.php(509): CodeIgniter\CodeIgniter->runController(Object(App\Controllers\IngredientController))
10 SYSTEMPATH\CodeIgniter.php(355): CodeIgniter\CodeIgniter->handleRequest(null, Object(Config\Cache), false)
11 SYSTEMPATH\Boot.php(312): CodeIgniter\CodeIgniter->run()
12 SYSTEMPATH\Boot.php(67): CodeIgniter\Boot::runCodeIgniter(Object(CodeIgniter\CodeIgniter))
13 FCPATH\index.php(56): CodeIgniter\Boot::bootWeb(Object(Config\Paths))
CRITICAL - 2024-07-12 10:04:09 --> CodeIgniter\Database\Exceptions\DataException: There is no data to update.
[Method: POST, Route: ingredients/desactivate_ingredient]
in SYSTEMPATH\BaseModel.php on line 1011.
 1 SYSTEMPATH\BaseModel.php(1011): CodeIgniter\Database\Exceptions\DataException::forEmptyDataset('update')
 2 SYSTEMPATH\Model.php(854): CodeIgniter\BaseModel->update([...], [])
 3 APPPATH\Controllers\AjaxController.php(419): CodeIgniter\Model->update('1', [...])
 4 SYSTEMPATH\CodeIgniter.php(933): App\Controllers\AjaxController->desactivateIngredient()
 5 SYSTEMPATH\CodeIgniter.php(509): CodeIgniter\CodeIgniter->runController(Object(App\Controllers\AjaxController))
 6 SYSTEMPATH\CodeIgniter.php(355): CodeIgniter\CodeIgniter->handleRequest(null, Object(Config\Cache), false)
 7 SYSTEMPATH\Boot.php(312): CodeIgniter\CodeIgniter->run()
 8 SYSTEMPATH\Boot.php(67): CodeIgniter\Boot::runCodeIgniter(Object(CodeIgniter\CodeIgniter))
 9 FCPATH\index.php(56): CodeIgniter\Boot::bootWeb(Object(Config\Paths))
